This file contains any messages produced by compilers while
running configure, to aid debugging if configure makes a mistake.

It was created by Protocol Buffers configure 3.6.0, which was
generated by GNU Autoconf 2.69.  Invocation command line was

  $ ./configure --prefix=/home/lhh/workspace/server/3rd/protobuf

## --------- ##
## Platform. ##
## --------- ##

hostname = VM-25-156-ubuntu
uname -m = x86_64
uname -r = 4.4.0-91-generic
uname -s = Linux
uname -v = #114-Ubuntu SMP Tue Aug 8 11:56:56 UTC 2017

/usr/bin/uname -p = unknown
/bin/uname -X     = unknown

/bin/arch              = unknown
/usr/bin/arch -k       = unknown
/usr/convex/getsysinfo = unknown
/usr/bin/hostinfo      = unknown
/bin/machine           = unknown
/usr/bin/oslevel       = unknown
/bin/universe          = unknown

PATH: /home/lhh/bin
PATH: /home/lhh/.local/bin
PATH: /usr/local/sbin
PATH: /usr/local/bin
PATH: /usr/sbin
PATH: /usr/bin
PATH: /sbin
PATH: /bin
PATH: /usr/games
PATH: /usr/local/games
PATH: /snap/bin
PATH: /home/lhh/my_env/tools


## ----------- ##
## Core tests. ##
## ----------- ##

configure:2620: checking whether to enable maintainer-specific portions of Makefiles
configure:2629: result: yes
configure:2704: checking build system type
configure:2718: result: x86_64-pc-linux-gnu
configure:2738: checking host system type
configure:2751: result: x86_64-pc-linux-gnu
configure:2771: checking target system type
configure:2784: result: x86_64-pc-linux-gnu
configure:2827: checking for a BSD-compatible install
configure:2895: result: /usr/bin/install -c
configure:2906: checking whether build environment is sane
configure:2961: result: yes
configure:3112: checking for a thread-safe mkdir -p
configure:3151: result: /bin/mkdir -p
configure:3158: checking for gawk
configure:3174: found /usr/bin/gawk
configure:3185: result: gawk
configure:3196: checking whether make sets $(MAKE)
configure:3218: result: yes
configure:3247: checking whether make supports nested variables
configure:3264: result: yes
configure:3353: checking whether UID '1001' is supported by ustar format
configure:3356: result: yes
configure:3363: checking whether GID '1001' is supported by ustar format
configure:3366: result: yes
configure:3374: checking how to create a ustar tar archive
configure:3385: tar --version
tar (GNU tar) 1.28
Copyright (C) 2014 Free Software Foundation, Inc.
License GPLv3+: GNU GPL version 3 or later <http://gnu.org/licenses/gpl.html>.
This is free software: you are free to change and redistribute it.
There is NO WARRANTY, to the extent permitted by law.

Written by John Gilmore and Jay Fenlason.
configure:3388: $? = 0
configure:3428: tardir=conftest.dir && eval tar --format=ustar -chf - "$tardir" >conftest.tar
configure:3431: $? = 0
configure:3435: tar -xf - <conftest.tar
configure:3438: $? = 0
configure:3440: cat conftest.dir/file
GrepMe
configure:3443: $? = 0
configure:3456: result: gnutar
configure:3588: checking for gcc
configure:3604: found /usr/bin/gcc
configure:3615: result: gcc
configure:3844: checking for C compiler version
configure:3853: gcc --version >&5
gcc (Ubuntu 5.4.0-6ubuntu1~16.04.10) 5.4.0 20160609
Copyright (C) 2015 Free Software Foundation, Inc.
This is free software; see the source for copying conditions.  There is NO
warranty; not even for MERCHANTABILITY or FITNESS FOR A PARTICULAR PURPOSE.

configure:3864: $? = 0
configure:3853: gcc -v >&5
Using built-in specs.
COLLECT_GCC=gcc
COLLECT_LTO_WRAPPER=/usr/lib/gcc/x86_64-linux-gnu/5/lto-wrapper
Target: x86_64-linux-gnu
Configured with: ../src/configure -v --with-pkgversion='Ubuntu 5.4.0-6ubuntu1~16.04.10' --with-bugurl=file:///usr/share/doc/gcc-5/README.Bugs --enable-languages=c,ada,c++,java,go,d,fortran,objc,obj-c++ --prefix=/usr --program-suffix=-5 --enable-shared --enable-linker-build-id --libexecdir=/usr/lib --without-included-gettext --enable-threads=posix --libdir=/usr/lib --enable-nls --with-sysroot=/ --enable-clocale=gnu --enable-libstdcxx-debug --enable-libstdcxx-time=yes --with-default-libstdcxx-abi=new --enable-gnu-unique-object --disable-vtable-verify --enable-libmpx --enable-plugin --with-system-zlib --disable-browser-plugin --enable-java-awt=gtk --enable-gtk-cairo --with-java-home=/usr/lib/jvm/java-1.5.0-gcj-5-amd64/jre --enable-java-home --with-jvm-root-dir=/usr/lib/jvm/java-1.5.0-gcj-5-amd64 --with-jvm-jar-dir=/usr/lib/jvm-exports/java-1.5.0-gcj-5-amd64 --with-arch-directory=amd64 --with-ecj-jar=/usr/share/java/eclipse-ecj.jar --enable-objc-gc --enable-multiarch --disable-werror --with-arch-32=i686 --with-abi=m64 --with-multilib-list=m32,m64,mx32 --enable-multilib --with-tune=generic --enable-checking=release --build=x86_64-linux-gnu --host=x86_64-linux-gnu --target=x86_64-linux-gnu
Thread model: posix
gcc version 5.4.0 20160609 (Ubuntu 5.4.0-6ubuntu1~16.04.10) 
configure:3864: $? = 0
configure:3853: gcc -V >&5
gcc: error: unrecognized command line option '-V'
gcc: fatal error: no input files
compilation terminated.
configure:3864: $? = 1
configure:3853: gcc -qversion >&5
gcc: error: unrecognized command line option '-qversion'
gcc: fatal error: no input files
compilation terminated.
configure:3864: $? = 1
configure:3884: checking whether the C compiler works
configure:3906: gcc    conftest.c  >&5
configure:3910: $? = 0
configure:3958: result: yes
configure:3961: checking for C compiler default output file name
configure:3963: result: a.out
configure:3969: checking for suffix of executables
configure:3976: gcc -o conftest    conftest.c  >&5
configure:3980: $? = 0
configure:4002: result: 
configure:4024: checking whether we are cross compiling
configure:4032: gcc -o conftest    conftest.c  >&5
configure:4036: $? = 0
configure:4043: ./conftest
configure:4047: $? = 0
configure:4062: result: no
configure:4067: checking for suffix of object files
configure:4089: gcc -c   conftest.c >&5
configure:4093: $? = 0
configure:4114: result: o
configure:4118: checking whether we are using the GNU C compiler
configure:4137: gcc -c   conftest.c >&5
configure:4137: $? = 0
configure:4146: result: yes
configure:4155: checking whether gcc accepts -g
configure:4175: gcc -c -g  conftest.c >&5
configure:4175: $? = 0
configure:4216: result: yes
configure:4233: checking for gcc option to accept ISO C89
configure:4296: gcc  -c   conftest.c >&5
configure:4296: $? = 0
configure:4309: result: none needed
configure:4334: checking whether gcc understands -c and -o together
configure:4356: gcc -c conftest.c -o conftest2.o
configure:4359: $? = 0
configure:4356: gcc -c conftest.c -o conftest2.o
configure:4359: $? = 0
configure:4371: result: yes
configure:4399: checking for style of include used by make
configure:4427: result: GNU
configure:4453: checking dependency style of gcc
configure:4564: result: gcc3
configure:4637: checking for g++
configure:4653: found /usr/bin/g++
configure:4664: result: g++
configure:4691: checking for C++ compiler version
configure:4700: g++ --version >&5
g++ (Ubuntu 5.4.0-6ubuntu1~16.04.10) 5.4.0 20160609
Copyright (C) 2015 Free Software Foundation, Inc.
This is free software; see the source for copying conditions.  There is NO
warranty; not even for MERCHANTABILITY or FITNESS FOR A PARTICULAR PURPOSE.

configure:4711: $? = 0
configure:4700: g++ -v >&5
Using built-in specs.
COLLECT_GCC=g++
COLLECT_LTO_WRAPPER=/usr/lib/gcc/x86_64-linux-gnu/5/lto-wrapper
Target: x86_64-linux-gnu
Configured with: ../src/configure -v --with-pkgversion='Ubuntu 5.4.0-6ubuntu1~16.04.10' --with-bugurl=file:///usr/share/doc/gcc-5/README.Bugs --enable-languages=c,ada,c++,java,go,d,fortran,objc,obj-c++ --prefix=/usr --program-suffix=-5 --enable-shared --enable-linker-build-id --libexecdir=/usr/lib --without-included-gettext --enable-threads=posix --libdir=/usr/lib --enable-nls --with-sysroot=/ --enable-clocale=gnu --enable-libstdcxx-debug --enable-libstdcxx-time=yes --with-default-libstdcxx-abi=new --enable-gnu-unique-object --disable-vtable-verify --enable-libmpx --enable-plugin --with-system-zlib --disable-browser-plugin --enable-java-awt=gtk --enable-gtk-cairo --with-java-home=/usr/lib/jvm/java-1.5.0-gcj-5-amd64/jre --enable-java-home --with-jvm-root-dir=/usr/lib/jvm/java-1.5.0-gcj-5-amd64 --with-jvm-jar-dir=/usr/lib/jvm-exports/java-1.5.0-gcj-5-amd64 --with-arch-directory=amd64 --with-ecj-jar=/usr/share/java/eclipse-ecj.jar --enable-objc-gc --enable-multiarch --disable-werror --with-arch-32=i686 --with-abi=m64 --with-multilib-list=m32,m64,mx32 --enable-multilib --with-tune=generic --enable-checking=release --build=x86_64-linux-gnu --host=x86_64-linux-gnu --target=x86_64-linux-gnu
Thread model: posix
gcc version 5.4.0 20160609 (Ubuntu 5.4.0-6ubuntu1~16.04.10) 
configure:4711: $? = 0
configure:4700: g++ -V >&5
g++: error: unrecognized command line option '-V'
g++: fatal error: no input files
compilation terminated.
configure:4711: $? = 1
configure:4700: g++ -qversion >&5
g++: error: unrecognized command line option '-qversion'
g++: fatal error: no input files
compilation terminated.
configure:4711: $? = 1
configure:4715: checking whether we are using the GNU C++ compiler
configure:4734: g++ -c   conftest.cpp >&5
configure:4734: $? = 0
configure:4743: result: yes
configure:4752: checking whether g++ accepts -g
configure:4772: g++ -c -g  conftest.cpp >&5
configure:4772: $? = 0
configure:4813: result: yes
configure:4838: checking dependency style of g++
configure:4949: result: gcc3
configure:4969: checking how to run the C preprocessor
configure:5000: gcc -E  conftest.c
configure:5000: $? = 0
configure:5014: gcc -E  conftest.c
conftest.c:11:28: fatal error: ac_nonexistent.h: No such file or directory
compilation terminated.
configure:5014: $? = 1
configure: failed program was:
| /* confdefs.h */
| #define PACKAGE_NAME "Protocol Buffers"
| #define PACKAGE_TARNAME "protobuf"
| #define PACKAGE_VERSION "3.6.0"
| #define PACKAGE_STRING "Protocol Buffers 3.6.0"
| #define PACKAGE_BUGREPORT "protobuf@googlegroups.com"
| #define PACKAGE_URL ""
| #define PACKAGE "protobuf"
| #define VERSION "3.6.0"
| /* end confdefs.h.  */
| #include <ac_nonexistent.h>
configure:5039: result: gcc -E
configure:5059: gcc -E  conftest.c
configure:5059: $? = 0
configure:5073: gcc -E  conftest.c
conftest.c:11:28: fatal error: ac_nonexistent.h: No such file or directory
compilation terminated.
configure:5073: $? = 1
configure: failed program was:
| /* confdefs.h */
| #define PACKAGE_NAME "Protocol Buffers"
| #define PACKAGE_TARNAME "protobuf"
| #define PACKAGE_VERSION "3.6.0"
| #define PACKAGE_STRING "Protocol Buffers 3.6.0"
| #define PACKAGE_BUGREPORT "protobuf@googlegroups.com"
| #define PACKAGE_URL ""
| #define PACKAGE "protobuf"
| #define VERSION "3.6.0"
| /* end confdefs.h.  */
| #include <ac_nonexistent.h>
configure:5157: checking for gcc
configure:5173: found /usr/bin/gcc
configure:5184: result: gcc
configure:5413: checking for C compiler version
configure:5422: gcc --version >&5
gcc (Ubuntu 5.4.0-6ubuntu1~16.04.10) 5.4.0 20160609
Copyright (C) 2015 Free Software Foundation, Inc.
This is free software; see the source for copying conditions.  There is NO
warranty; not even for MERCHANTABILITY or FITNESS FOR A PARTICULAR PURPOSE.

configure:5433: $? = 0
configure:5422: gcc -v >&5
Using built-in specs.
COLLECT_GCC=gcc
COLLECT_LTO_WRAPPER=/usr/lib/gcc/x86_64-linux-gnu/5/lto-wrapper
Target: x86_64-linux-gnu
Configured with: ../src/configure -v --with-pkgversion='Ubuntu 5.4.0-6ubuntu1~16.04.10' --with-bugurl=file:///usr/share/doc/gcc-5/README.Bugs --enable-languages=c,ada,c++,java,go,d,fortran,objc,obj-c++ --prefix=/usr --program-suffix=-5 --enable-shared --enable-linker-build-id --libexecdir=/usr/lib --without-included-gettext --enable-threads=posix --libdir=/usr/lib --enable-nls --with-sysroot=/ --enable-clocale=gnu --enable-libstdcxx-debug --enable-libstdcxx-time=yes --with-default-libstdcxx-abi=new --enable-gnu-unique-object --disable-vtable-verify --enable-libmpx --enable-plugin --with-system-zlib --disable-browser-plugin --enable-java-awt=gtk --enable-gtk-cairo --with-java-home=/usr/lib/jvm/java-1.5.0-gcj-5-amd64/jre --enable-java-home --with-jvm-root-dir=/usr/lib/jvm/java-1.5.0-gcj-5-amd64 --with-jvm-jar-dir=/usr/lib/jvm-exports/java-1.5.0-gcj-5-amd64 --with-arch-directory=amd64 --with-ecj-jar=/usr/share/java/eclipse-ecj.jar --enable-objc-gc --enable-multiarch --disable-werror --with-arch-32=i686 --with-abi=m64 --with-multilib-list=m32,m64,mx32 --enable-multilib --with-tune=generic --enable-checking=release --build=x86_64-linux-gnu --host=x86_64-linux-gnu --target=x86_64-linux-gnu
Thread model: posix
gcc version 5.4.0 20160609 (Ubuntu 5.4.0-6ubuntu1~16.04.10) 
configure:5433: $? = 0
configure:5422: gcc -V >&5
gcc: error: unrecognized command line option '-V'
gcc: fatal error: no input files
compilation terminated.
configure:5433: $? = 1
configure:5422: gcc -qversion >&5
gcc: error: unrecognized command line option '-qversion'
gcc: fatal error: no input files
compilation terminated.
configure:5433: $? = 1
configure:5437: checking whether we are using the GNU C compiler
configure:5465: result: yes
configure:5474: checking whether gcc accepts -g
configure:5494: gcc -c   conftest.c >&5
configure:5494: $? = 0
configure:5535: result: yes
configure:5552: checking for gcc option to accept ISO C89
configure:5628: result: none needed
configure:5653: checking whether gcc understands -c and -o together
configure:5690: result: yes
configure:5709: checking dependency style of gcc
configure:5820: result: gcc3
configure:5840: checking how to run the C preprocessor
configure:5871: gcc -E  conftest.c
configure:5871: $? = 0
configure:5885: gcc -E  conftest.c
conftest.c:11:28: fatal error: ac_nonexistent.h: No such file or directory
compilation terminated.
configure:5885: $? = 1
configure: failed program was:
| /* confdefs.h */
| #define PACKAGE_NAME "Protocol Buffers"
| #define PACKAGE_TARNAME "protobuf"
| #define PACKAGE_VERSION "3.6.0"
| #define PACKAGE_STRING "Protocol Buffers 3.6.0"
| #define PACKAGE_BUGREPORT "protobuf@googlegroups.com"
| #define PACKAGE_URL ""
| #define PACKAGE "protobuf"
| #define VERSION "3.6.0"
| /* end confdefs.h.  */
| #include <ac_nonexistent.h>
configure:5910: result: gcc -E
configure:5930: gcc -E  conftest.c
configure:5930: $? = 0
configure:5944: gcc -E  conftest.c
conftest.c:11:28: fatal error: ac_nonexistent.h: No such file or directory
compilation terminated.
configure:5944: $? = 1
configure: failed program was:
| /* confdefs.h */
| #define PACKAGE_NAME "Protocol Buffers"
| #define PACKAGE_TARNAME "protobuf"
| #define PACKAGE_VERSION "3.6.0"
| #define PACKAGE_STRING "Protocol Buffers 3.6.0"
| #define PACKAGE_BUGREPORT "protobuf@googlegroups.com"
| #define PACKAGE_URL ""
| #define PACKAGE "protobuf"
| #define VERSION "3.6.0"
| /* end confdefs.h.  */
| #include <ac_nonexistent.h>
configure:5986: checking how to run the C++ preprocessor
configure:6013: g++ -E  conftest.cpp
configure:6013: $? = 0
configure:6027: g++ -E  conftest.cpp
conftest.cpp:11:28: fatal error: ac_nonexistent.h: No such file or directory
compilation terminated.
configure:6027: $? = 1
configure: failed program was:
| /* confdefs.h */
| #define PACKAGE_NAME "Protocol Buffers"
| #define PACKAGE_TARNAME "protobuf"
| #define PACKAGE_VERSION "3.6.0"
| #define PACKAGE_STRING "Protocol Buffers 3.6.0"
| #define PACKAGE_BUGREPORT "protobuf@googlegroups.com"
| #define PACKAGE_URL ""
| #define PACKAGE "protobuf"
| #define VERSION "3.6.0"
| /* end confdefs.h.  */
| #include <ac_nonexistent.h>
configure:6052: result: g++ -E
configure:6072: g++ -E  conftest.cpp
configure:6072: $? = 0
configure:6086: g++ -E  conftest.cpp
conftest.cpp:11:28: fatal error: ac_nonexistent.h: No such file or directory
compilation terminated.
configure:6086: $? = 1
configure: failed program was:
| /* confdefs.h */
| #define PACKAGE_NAME "Protocol Buffers"
| #define PACKAGE_TARNAME "protobuf"
| #define PACKAGE_VERSION "3.6.0"
| #define PACKAGE_STRING "Protocol Buffers 3.6.0"
| #define PACKAGE_BUGREPORT "protobuf@googlegroups.com"
| #define PACKAGE_URL ""
| #define PACKAGE "protobuf"
| #define VERSION "3.6.0"
| /* end confdefs.h.  */
| #include <ac_nonexistent.h>
configure:6179: checking for g++
configure:6195: found /usr/bin/g++
configure:6206: result: g++
configure:6233: checking for C++ compiler version
configure:6242: g++ --version >&5
g++ (Ubuntu 5.4.0-6ubuntu1~16.04.10) 5.4.0 20160609
Copyright (C) 2015 Free Software Foundation, Inc.
This is free software; see the source for copying conditions.  There is NO
warranty; not even for MERCHANTABILITY or FITNESS FOR A PARTICULAR PURPOSE.

configure:6253: $? = 0
configure:6242: g++ -v >&5
Using built-in specs.
COLLECT_GCC=g++
COLLECT_LTO_WRAPPER=/usr/lib/gcc/x86_64-linux-gnu/5/lto-wrapper
Target: x86_64-linux-gnu
Configured with: ../src/configure -v --with-pkgversion='Ubuntu 5.4.0-6ubuntu1~16.04.10' --with-bugurl=file:///usr/share/doc/gcc-5/README.Bugs --enable-languages=c,ada,c++,java,go,d,fortran,objc,obj-c++ --prefix=/usr --program-suffix=-5 --enable-shared --enable-linker-build-id --libexecdir=/usr/lib --without-included-gettext --enable-threads=posix --libdir=/usr/lib --enable-nls --with-sysroot=/ --enable-clocale=gnu --enable-libstdcxx-debug --enable-libstdcxx-time=yes --with-default-libstdcxx-abi=new --enable-gnu-unique-object --disable-vtable-verify --enable-libmpx --enable-plugin --with-system-zlib --disable-browser-plugin --enable-java-awt=gtk --enable-gtk-cairo --with-java-home=/usr/lib/jvm/java-1.5.0-gcj-5-amd64/jre --enable-java-home --with-jvm-root-dir=/usr/lib/jvm/java-1.5.0-gcj-5-amd64 --with-jvm-jar-dir=/usr/lib/jvm-exports/java-1.5.0-gcj-5-amd64 --with-arch-directory=amd64 --with-ecj-jar=/usr/share/java/eclipse-ecj.jar --enable-objc-gc --enable-multiarch --disable-werror --with-arch-32=i686 --with-abi=m64 --with-multilib-list=m32,m64,mx32 --enable-multilib --with-tune=generic --enable-checking=release --build=x86_64-linux-gnu --host=x86_64-linux-gnu --target=x86_64-linux-gnu
Thread model: posix
gcc version 5.4.0 20160609 (Ubuntu 5.4.0-6ubuntu1~16.04.10) 
configure:6253: $? = 0
configure:6242: g++ -V >&5
g++: error: unrecognized command line option '-V'
g++: fatal error: no input files
compilation terminated.
configure:6253: $? = 1
configure:6242: g++ -qversion >&5
g++: error: unrecognized command line option '-qversion'
g++: fatal error: no input files
compilation terminated.
configure:6253: $? = 1
configure:6257: checking whether we are using the GNU C++ compiler
configure:6285: result: yes
configure:6294: checking whether g++ accepts -g
configure:6314: gcc -c   conftest.cpp >&5
configure:6314: $? = 0
configure:6355: result: yes
configure:6380: checking dependency style of g++
configure:6491: result: gcc3
configure:6511: checking how to run the C++ preprocessor
configure:6538: g++ -E  conftest.cpp
configure:6538: $? = 0
configure:6552: g++ -E  conftest.cpp
conftest.cpp:11:28: fatal error: ac_nonexistent.h: No such file or directory
compilation terminated.
configure:6552: $? = 1
configure: failed program was:
| /* confdefs.h */
| #define PACKAGE_NAME "Protocol Buffers"
| #define PACKAGE_TARNAME "protobuf"
| #define PACKAGE_VERSION "3.6.0"
| #define PACKAGE_STRING "Protocol Buffers 3.6.0"
| #define PACKAGE_BUGREPORT "protobuf@googlegroups.com"
| #define PACKAGE_URL ""
| #define PACKAGE "protobuf"
| #define VERSION "3.6.0"
| /* end confdefs.h.  */
| #include <ac_nonexistent.h>
configure:6577: result: g++ -E
configure:6597: g++ -E  conftest.cpp
configure:6597: $? = 0
configure:6611: g++ -E  conftest.cpp
conftest.cpp:11:28: fatal error: ac_nonexistent.h: No such file or directory
compilation terminated.
configure:6611: $? = 1
configure: failed program was:
| /* confdefs.h */
| #define PACKAGE_NAME "Protocol Buffers"
| #define PACKAGE_TARNAME "protobuf"
| #define PACKAGE_VERSION "3.6.0"
| #define PACKAGE_STRING "Protocol Buffers 3.6.0"
| #define PACKAGE_BUGREPORT "protobuf@googlegroups.com"
| #define PACKAGE_URL ""
| #define PACKAGE "protobuf"
| #define VERSION "3.6.0"
| /* end confdefs.h.  */
| #include <ac_nonexistent.h>
configure:6653: checking for grep that handles long lines and -e
configure:6711: result: /bin/grep
configure:6716: checking for egrep
configure:6778: result: /bin/grep -E
configure:6783: checking for ANSI C header files
configure:6803: g++ -c   conftest.cpp >&5
configure:6803: $? = 0
configure:6876: g++ -o conftest    conftest.cpp  >&5
configure:6876: $? = 0
configure:6876: ./conftest
configure:6876: $? = 0
configure:6887: result: yes
configure:6900: checking for sys/types.h
configure:6900: g++ -c   conftest.cpp >&5
configure:6900: $? = 0
configure:6900: result: yes
configure:6900: checking for sys/stat.h
configure:6900: g++ -c   conftest.cpp >&5
configure:6900: $? = 0
configure:6900: result: yes
configure:6900: checking for stdlib.h
configure:6900: g++ -c   conftest.cpp >&5
configure:6900: $? = 0
configure:6900: result: yes
configure:6900: checking for string.h
configure:6900: g++ -c   conftest.cpp >&5
configure:6900: $? = 0
configure:6900: result: yes
configure:6900: checking for memory.h
configure:6900: g++ -c   conftest.cpp >&5
configure:6900: $? = 0
configure:6900: result: yes
configure:6900: checking for strings.h
configure:6900: g++ -c   conftest.cpp >&5
configure:6900: $? = 0
configure:6900: result: yes
configure:6900: checking for inttypes.h
configure:6900: g++ -c   conftest.cpp >&5
configure:6900: $? = 0
configure:6900: result: yes
configure:6900: checking for stdint.h
configure:6900: g++ -c   conftest.cpp >&5
configure:6900: $? = 0
configure:6900: result: yes
configure:6900: checking for unistd.h
configure:6900: g++ -c   conftest.cpp >&5
configure:6900: $? = 0
configure:6900: result: yes
configure:6913: checking minix/config.h usability
configure:6913: g++ -c   conftest.cpp >&5
conftest.cpp:54:26: fatal error: minix/config.h: No such file or directory
compilation terminated.
configure:6913: $? = 1
configure: failed program was:
| /* confdefs.h */
| #define PACKAGE_NAME "Protocol Buffers"
| #define PACKAGE_TARNAME "protobuf"
| #define PACKAGE_VERSION "3.6.0"
| #define PACKAGE_STRING "Protocol Buffers 3.6.0"
| #define PACKAGE_BUGREPORT "protobuf@googlegroups.com"
| #define PACKAGE_URL ""
| #define PACKAGE "protobuf"
| #define VERSION "3.6.0"
| #define STDC_HEADERS 1
| #define HAVE_SYS_TYPES_H 1
| #define HAVE_SYS_STAT_H 1
| #define HAVE_STDLIB_H 1
| #define HAVE_STRING_H 1
| #define HAVE_MEMORY_H 1
| #define HAVE_STRINGS_H 1
| #define HAVE_INTTYPES_H 1
| #define HAVE_STDINT_H 1
| #define HAVE_UNISTD_H 1
| /* end confdefs.h.  */
| #include <stdio.h>
| #ifdef HAVE_SYS_TYPES_H
| # include <sys/types.h>
| #endif
| #ifdef HAVE_SYS_STAT_H
| # include <sys/stat.h>
| #endif
| #ifdef STDC_HEADERS
| # include <stdlib.h>
| # include <stddef.h>
| #else
| # ifdef HAVE_STDLIB_H
| #  include <stdlib.h>
| # endif
| #endif
| #ifdef HAVE_STRING_H
| # if !defined STDC_HEADERS && defined HAVE_MEMORY_H
| #  include <memory.h>
| # endif
| # include <string.h>
| #endif
| #ifdef HAVE_STRINGS_H
| # include <strings.h>
| #endif
| #ifdef HAVE_INTTYPES_H
| # include <inttypes.h>
| #endif
| #ifdef HAVE_STDINT_H
| # include <stdint.h>
| #endif
| #ifdef HAVE_UNISTD_H
| # include <unistd.h>
| #endif
| #include <minix/config.h>
configure:6913: result: no
configure:6913: checking minix/config.h presence
configure:6913: g++ -E  conftest.cpp
conftest.cpp:21:26: fatal error: minix/config.h: No such file or directory
compilation terminated.
configure:6913: $? = 1
configure: failed program was:
| /* confdefs.h */
| #define PACKAGE_NAME "Protocol Buffers"
| #define PACKAGE_TARNAME "protobuf"
| #define PACKAGE_VERSION "3.6.0"
| #define PACKAGE_STRING "Protocol Buffers 3.6.0"
| #define PACKAGE_BUGREPORT "protobuf@googlegroups.com"
| #define PACKAGE_URL ""
| #define PACKAGE "protobuf"
| #define VERSION "3.6.0"
| #define STDC_HEADERS 1
| #define HAVE_SYS_TYPES_H 1
| #define HAVE_SYS_STAT_H 1
| #define HAVE_STDLIB_H 1
| #define HAVE_STRING_H 1
| #define HAVE_MEMORY_H 1
| #define HAVE_STRINGS_H 1
| #define HAVE_INTTYPES_H 1
| #define HAVE_STDINT_H 1
| #define HAVE_UNISTD_H 1
| /* end confdefs.h.  */
| #include <minix/config.h>
configure:6913: result: no
configure:6913: checking for minix/config.h
configure:6913: result: no
configure:6934: checking whether it is safe to define __EXTENSIONS__
configure:6952: g++ -c   conftest.cpp >&5
configure:6952: $? = 0
configure:6959: result: yes
configure:7028: checking for ar
configure:7044: found /usr/bin/ar
configure:7055: result: ar
configure:7081: checking the archiver (ar) interface
configure:7097: gcc -c   conftest.c >&5
configure:7097: $? = 0
configure:7099: ar cru libconftest.a conftest.o >&5
ar: `u' modifier ignored since `D' is the default (see `U')
configure:7102: $? = 0
configure:7130: result: ar
configure:7212: checking for gcc
configure:7228: found /usr/bin/gcc
configure:7239: result: gcc
configure:7264: checking for Objective C compiler version
configure:7273: gcc --version >&5
gcc (Ubuntu 5.4.0-6ubuntu1~16.04.10) 5.4.0 20160609
Copyright (C) 2015 Free Software Foundation, Inc.
This is free software; see the source for copying conditions.  There is NO
warranty; not even for MERCHANTABILITY or FITNESS FOR A PARTICULAR PURPOSE.

configure:7284: $? = 0
configure:7273: gcc -v >&5
Using built-in specs.
COLLECT_GCC=gcc
COLLECT_LTO_WRAPPER=/usr/lib/gcc/x86_64-linux-gnu/5/lto-wrapper
Target: x86_64-linux-gnu
Configured with: ../src/configure -v --with-pkgversion='Ubuntu 5.4.0-6ubuntu1~16.04.10' --with-bugurl=file:///usr/share/doc/gcc-5/README.Bugs --enable-languages=c,ada,c++,java,go,d,fortran,objc,obj-c++ --prefix=/usr --program-suffix=-5 --enable-shared --enable-linker-build-id --libexecdir=/usr/lib --without-included-gettext --enable-threads=posix --libdir=/usr/lib --enable-nls --with-sysroot=/ --enable-clocale=gnu --enable-libstdcxx-debug --enable-libstdcxx-time=yes --with-default-libstdcxx-abi=new --enable-gnu-unique-object --disable-vtable-verify --enable-libmpx --enable-plugin --with-system-zlib --disable-browser-plugin --enable-java-awt=gtk --enable-gtk-cairo --with-java-home=/usr/lib/jvm/java-1.5.0-gcj-5-amd64/jre --enable-java-home --with-jvm-root-dir=/usr/lib/jvm/java-1.5.0-gcj-5-amd64 --with-jvm-jar-dir=/usr/lib/jvm-exports/java-1.5.0-gcj-5-amd64 --with-arch-directory=amd64 --with-ecj-jar=/usr/share/java/eclipse-ecj.jar --enable-objc-gc --enable-multiarch --disable-werror --with-arch-32=i686 --with-abi=m64 --with-multilib-list=m32,m64,mx32 --enable-multilib --with-tune=generic --enable-checking=release --build=x86_64-linux-gnu --host=x86_64-linux-gnu --target=x86_64-linux-gnu
Thread model: posix
gcc version 5.4.0 20160609 (Ubuntu 5.4.0-6ubuntu1~16.04.10) 
configure:7284: $? = 0
configure:7273: gcc -V >&5
gcc: error: unrecognized command line option '-V'
gcc: fatal error: no input files
compilation terminated.
configure:7284: $? = 1
configure:7273: gcc -qversion >&5
gcc: error: unrecognized command line option '-qversion'
gcc: fatal error: no input files
compilation terminated.
configure:7284: $? = 1
configure:7288: checking whether we are using the GNU Objective C compiler
configure:7307: gcc -c   conftest.m >&5
gcc: error trying to exec 'cc1obj': execvp: No such file or directory
configure:7307: $? = 1
configure: failed program was:
| /* confdefs.h */
| #define PACKAGE_NAME "Protocol Buffers"
| #define PACKAGE_TARNAME "protobuf"
| #define PACKAGE_VERSION "3.6.0"
| #define PACKAGE_STRING "Protocol Buffers 3.6.0"
| #define PACKAGE_BUGREPORT "protobuf@googlegroups.com"
| #define PACKAGE_URL ""
| #define PACKAGE "protobuf"
| #define VERSION "3.6.0"
| #define STDC_HEADERS 1
| #define HAVE_SYS_TYPES_H 1
| #define HAVE_SYS_STAT_H 1
| #define HAVE_STDLIB_H 1
| #define HAVE_STRING_H 1
| #define HAVE_MEMORY_H 1
| #define HAVE_STRINGS_H 1
| #define HAVE_INTTYPES_H 1
| #define HAVE_STDINT_H 1
| #define HAVE_UNISTD_H 1
| #define __EXTENSIONS__ 1
| #define _ALL_SOURCE 1
| #define _GNU_SOURCE 1
| #define _POSIX_PTHREAD_SEMANTICS 1
| #define _TANDEM_SOURCE 1
| /* end confdefs.h.  */
| 
| int
| main ()
| {
| #ifndef __GNUC__
|        choke me
| #endif
| 
|   ;
|   return 0;
| }
configure:7316: result: no
configure:7325: checking whether gcc accepts -g
configure:7345: gcc -c -g  conftest.m >&5
gcc: error trying to exec 'cc1obj': execvp: No such file or directory
configure:7345: $? = 1
configure: failed program was:
| /* confdefs.h */
| #define PACKAGE_NAME "Protocol Buffers"
| #define PACKAGE_TARNAME "protobuf"
| #define PACKAGE_VERSION "3.6.0"
| #define PACKAGE_STRING "Protocol Buffers 3.6.0"
| #define PACKAGE_BUGREPORT "protobuf@googlegroups.com"
| #define PACKAGE_URL ""
| #define PACKAGE "protobuf"
| #define VERSION "3.6.0"
| #define STDC_HEADERS 1
| #define HAVE_SYS_TYPES_H 1
| #define HAVE_SYS_STAT_H 1
| #define HAVE_STDLIB_H 1
| #define HAVE_STRING_H 1
| #define HAVE_MEMORY_H 1
| #define HAVE_STRINGS_H 1
| #define HAVE_INTTYPES_H 1
| #define HAVE_STDINT_H 1
| #define HAVE_UNISTD_H 1
| #define __EXTENSIONS__ 1
| #define _ALL_SOURCE 1
| #define _GNU_SOURCE 1
| #define _POSIX_PTHREAD_SEMANTICS 1
| #define _TANDEM_SOURCE 1
| /* end confdefs.h.  */
| 
| int
| main ()
| {
| 
|   ;
|   return 0;
| }
configure:7360: gcc -c   conftest.m >&5
gcc: error trying to exec 'cc1obj': execvp: No such file or directory
configure:7360: $? = 1
configure: failed program was:
| /* confdefs.h */
| #define PACKAGE_NAME "Protocol Buffers"
| #define PACKAGE_TARNAME "protobuf"
| #define PACKAGE_VERSION "3.6.0"
| #define PACKAGE_STRING "Protocol Buffers 3.6.0"
| #define PACKAGE_BUGREPORT "protobuf@googlegroups.com"
| #define PACKAGE_URL ""
| #define PACKAGE "protobuf"
| #define VERSION "3.6.0"
| #define STDC_HEADERS 1
| #define HAVE_SYS_TYPES_H 1
| #define HAVE_SYS_STAT_H 1
| #define HAVE_STDLIB_H 1
| #define HAVE_STRING_H 1
| #define HAVE_MEMORY_H 1
| #define HAVE_STRINGS_H 1
| #define HAVE_INTTYPES_H 1
| #define HAVE_STDINT_H 1
| #define HAVE_UNISTD_H 1
| #define __EXTENSIONS__ 1
| #define _ALL_SOURCE 1
| #define _GNU_SOURCE 1
| #define _POSIX_PTHREAD_SEMANTICS 1
| #define _TANDEM_SOURCE 1
| /* end confdefs.h.  */
| 
| int
| main ()
| {
| 
|   ;
|   return 0;
| }
configure:7376: gcc -c -g  conftest.m >&5
gcc: error trying to exec 'cc1obj': execvp: No such file or directory
configure:7376: $? = 1
configure: failed program was:
| /* confdefs.h */
| #define PACKAGE_NAME "Protocol Buffers"
| #define PACKAGE_TARNAME "protobuf"
| #define PACKAGE_VERSION "3.6.0"
| #define PACKAGE_STRING "Protocol Buffers 3.6.0"
| #define PACKAGE_BUGREPORT "protobuf@googlegroups.com"
| #define PACKAGE_URL ""
| #define PACKAGE "protobuf"
| #define VERSION "3.6.0"
| #define STDC_HEADERS 1
| #define HAVE_SYS_TYPES_H 1
| #define HAVE_SYS_STAT_H 1
| #define HAVE_STDLIB_H 1
| #define HAVE_STRING_H 1
| #define HAVE_MEMORY_H 1
| #define HAVE_STRINGS_H 1
| #define HAVE_INTTYPES_H 1
| #define HAVE_STDINT_H 1
| #define HAVE_UNISTD_H 1
| #define __EXTENSIONS__ 1
| #define _ALL_SOURCE 1
| #define _GNU_SOURCE 1
| #define _POSIX_PTHREAD_SEMANTICS 1
| #define _TANDEM_SOURCE 1
| /* end confdefs.h.  */
| 
| int
| main ()
| {
| 
|   ;
|   return 0;
| }
configure:7386: result: no
configure:7411: checking dependency style of gcc
configure:7520: result: gcc3
configure:7537: checking C++ compiler flags...
configure:7553: result: use default: -O2  -g -std=c++11 -DNDEBUG
configure:7573: checking whether __SUNPRO_CC is declared
configure:7573: g++ -c  -g -std=c++11 -DNDEBUG  conftest.cpp >&5
conftest.cpp: In function 'int main()':
conftest.cpp:64:10: error: '__SUNPRO_CC' was not declared in this scope
   (void) __SUNPRO_CC;
          ^
configure:7573: $? = 1
configure: failed program was:
| /* confdefs.h */
| #define PACKAGE_NAME "Protocol Buffers"
| #define PACKAGE_TARNAME "protobuf"
| #define PACKAGE_VERSION "3.6.0"
| #define PACKAGE_STRING "Protocol Buffers 3.6.0"
| #define PACKAGE_BUGREPORT "protobuf@googlegroups.com"
| #define PACKAGE_URL ""
| #define PACKAGE "protobuf"
| #define VERSION "3.6.0"
| #define STDC_HEADERS 1
| #define HAVE_SYS_TYPES_H 1
| #define HAVE_SYS_STAT_H 1
| #define HAVE_STDLIB_H 1
| #define HAVE_STRING_H 1
| #define HAVE_MEMORY_H 1
| #define HAVE_STRINGS_H 1
| #define HAVE_INTTYPES_H 1
| #define HAVE_STDINT_H 1
| #define HAVE_UNISTD_H 1
| #define __EXTENSIONS__ 1
| #define _ALL_SOURCE 1
| #define _GNU_SOURCE 1
| #define _POSIX_PTHREAD_SEMANTICS 1
| #define _TANDEM_SOURCE 1
| /* end confdefs.h.  */
| #include <stdio.h>
| #ifdef HAVE_SYS_TYPES_H
| # include <sys/types.h>
| #endif
| #ifdef HAVE_SYS_STAT_H
| # include <sys/stat.h>
| #endif
| #ifdef STDC_HEADERS
| # include <stdlib.h>
| # include <stddef.h>
| #else
| # ifdef HAVE_STDLIB_H
| #  include <stdlib.h>
| # endif
| #endif
| #ifdef HAVE_STRING_H
| # if !defined STDC_HEADERS && defined HAVE_MEMORY_H
| #  include <memory.h>
| # endif
| # include <string.h>
| #endif
| #ifdef HAVE_STRINGS_H
| # include <strings.h>
| #endif
| #ifdef HAVE_INTTYPES_H
| # include <inttypes.h>
| #endif
| #ifdef HAVE_STDINT_H
| # include <stdint.h>
| #endif
| #ifdef HAVE_UNISTD_H
| # include <unistd.h>
| #endif
| int
| main ()
| {
| #ifndef __SUNPRO_CC
| #ifdef __cplusplus
|   (void) __SUNPRO_CC;
| #else
|   (void) __SUNPRO_CC;
| #endif
| #endif
| 
|   ;
|   return 0;
| }
configure:7573: result: no
configure:7737: checking how to print strings
configure:7764: result: printf
configure:7785: checking for a sed that does not truncate output
configure:7849: result: /bin/sed
configure:7867: checking for fgrep
configure:7929: result: /bin/grep -F
configure:7964: checking for ld used by gcc
configure:8031: result: /usr/bin/ld
configure:8038: checking if the linker (/usr/bin/ld) is GNU ld
configure:8053: result: yes
configure:8065: checking for BSD- or MS-compatible name lister (nm)
configure:8119: result: /usr/bin/nm -B
configure:8249: checking the name lister (/usr/bin/nm -B) interface
configure:8256: g++ -c  -g -std=c++11 -DNDEBUG  conftest.cpp >&5
configure:8259: /usr/bin/nm -B "conftest.o"
configure:8262: output
0000000000000000 B some_variable
configure:8269: result: BSD nm
configure:8272: checking whether ln -s works
configure:8276: result: yes
configure:8284: checking the maximum length of command line arguments
configure:8415: result: 1572864
configure:8463: checking how to convert x86_64-pc-linux-gnu file names to x86_64-pc-linux-gnu format
configure:8503: result: func_convert_file_noop
configure:8510: checking how to convert x86_64-pc-linux-gnu file names to toolchain format
configure:8530: result: func_convert_file_noop
configure:8537: checking for /usr/bin/ld option to reload object files
configure:8544: result: -r
configure:8618: checking for objdump
configure:8634: found /usr/bin/objdump
configure:8645: result: objdump
configure:8677: checking how to recognize dependent libraries
configure:8877: result: pass_all
configure:8962: checking for dlltool
configure:8992: result: no
configure:9022: checking how to associate runtime and link libraries
configure:9049: result: printf %s\n
configure:9173: checking for archiver @FILE support
configure:9190: g++ -c  -g -std=c++11 -DNDEBUG  conftest.cpp >&5
configure:9190: $? = 0
configure:9193: ar cru libconftest.a @conftest.lst >&5
ar: `u' modifier ignored since `D' is the default (see `U')
configure:9196: $? = 0
configure:9201: ar cru libconftest.a @conftest.lst >&5
ar: `u' modifier ignored since `D' is the default (see `U')
ar: conftest.o: No such file or directory
configure:9204: $? = 1
configure:9216: result: @
configure:9274: checking for strip
configure:9290: found /usr/bin/strip
configure:9301: result: strip
configure:9373: checking for ranlib
configure:9389: found /usr/bin/ranlib
configure:9400: result: ranlib
configure:9502: checking command to parse /usr/bin/nm -B output from gcc object
configure:9655: g++ -c  -g -std=c++11 -DNDEBUG  conftest.cpp >&5
configure:9658: $? = 0
configure:9662: /usr/bin/nm -B conftest.o \| sed -n -e 's/^.*[ ]\([ABCDGIRSTW][ABCDGIRSTW]*\)[ ][ ]*\([_A-Za-z][_A-Za-z0-9]*\)$/\1 \2 \2/p' | sed '/ __gnu_lto/d' \> conftest.nm
configure:9665: $? = 0
configure:9731: g++ -o conftest  -g -std=c++11 -DNDEBUG   conftest.cpp conftstm.o >&5
configure:9734: $? = 0
configure:9772: result: ok
configure:9819: checking for sysroot
configure:9849: result: no
configure:9856: checking for a working dd
configure:9894: result: /bin/dd
configure:9898: checking how to truncate binary pipes
configure:9913: result: /bin/dd bs=4096 count=1
configure:10049: g++ -c  -g -std=c++11 -DNDEBUG  conftest.cpp >&5
configure:10052: $? = 0
configure:10242: checking for mt
configure:10258: found /bin/mt
configure:10269: result: mt
configure:10292: checking if mt is a manifest tool
configure:10298: mt '-?'
configure:10306: result: no
configure:10980: checking for dlfcn.h
configure:10980: g++ -c  -g -std=c++11 -DNDEBUG  conftest.cpp >&5
configure:10980: $? = 0
configure:10980: result: yes
configure:11246: checking for objdir
configure:11261: result: .libs
configure:11525: checking if gcc supports -fno-rtti -fno-exceptions
configure:11543: gcc -c   -fno-rtti -fno-exceptions conftest.c >&5
cc1: warning: command line option '-fno-rtti' is valid for C++/ObjC++ but not for C
configure:11547: $? = 0
configure:11560: result: no
configure:11918: checking for gcc option to produce PIC
configure:11925: result: -fPIC -DPIC
configure:11933: checking if gcc PIC flag -fPIC -DPIC works
configure:11951: gcc -c   -fPIC -DPIC -DPIC conftest.c >&5
configure:11955: $? = 0
configure:11968: result: yes
configure:11997: checking if gcc static flag -static works
configure:12025: result: yes
configure:12040: checking if gcc supports -c -o file.o
configure:12061: gcc -c   -o out/conftest2.o conftest.c >&5
configure:12065: $? = 0
configure:12087: result: yes
configure:12095: checking if gcc supports -c -o file.o
configure:12142: result: yes
configure:12175: checking whether the gcc linker (/usr/bin/ld -m elf_x86_64) supports shared libraries
configure:13438: result: yes
configure:13475: checking whether -lc should be explicitly linked in
configure:13483: gcc -c   conftest.c >&5
configure:13486: $? = 0
configure:13501: gcc -shared  -fPIC -DPIC conftest.o  -v -Wl,-soname -Wl,conftest -o conftest 2\>\&1 \| /bin/grep  -lc  \>/dev/null 2\>\&1
configure:13504: $? = 0
configure:13518: result: no
configure:13678: checking dynamic linker characteristics
configure:14259: gcc -o conftest    -Wl,-rpath -Wl,/foo conftest.c  >&5
configure:14259: $? = 0
configure:14508: result: GNU/Linux ld.so
configure:14630: checking how to hardcode library paths into programs
configure:14655: result: immediate
configure:15203: checking whether stripping libraries is possible
configure:15208: result: yes
configure:15243: checking if libtool supports shared libraries
configure:15245: result: yes
configure:15248: checking whether to build shared libraries
configure:15273: result: yes
configure:15276: checking whether to build static libraries
configure:15280: result: yes
configure:15303: checking how to run the C++ preprocessor
configure:15369: result: g++ -E
configure:15389: g++ -E  conftest.cpp
configure:15389: $? = 0
configure:15403: g++ -E  conftest.cpp
conftest.cpp:28:28: fatal error: ac_nonexistent.h: No such file or directory
compilation terminated.
configure:15403: $? = 1
configure: failed program was:
| /* confdefs.h */
| #define PACKAGE_NAME "Protocol Buffers"
| #define PACKAGE_TARNAME "protobuf"
| #define PACKAGE_VERSION "3.6.0"
| #define PACKAGE_STRING "Protocol Buffers 3.6.0"
| #define PACKAGE_BUGREPORT "protobuf@googlegroups.com"
| #define PACKAGE_URL ""
| #define PACKAGE "protobuf"
| #define VERSION "3.6.0"
| #define STDC_HEADERS 1
| #define HAVE_SYS_TYPES_H 1
| #define HAVE_SYS_STAT_H 1
| #define HAVE_STDLIB_H 1
| #define HAVE_STRING_H 1
| #define HAVE_MEMORY_H 1
| #define HAVE_STRINGS_H 1
| #define HAVE_INTTYPES_H 1
| #define HAVE_STDINT_H 1
| #define HAVE_UNISTD_H 1
| #define __EXTENSIONS__ 1
| #define _ALL_SOURCE 1
| #define _GNU_SOURCE 1
| #define _POSIX_PTHREAD_SEMANTICS 1
| #define _TANDEM_SOURCE 1
| #define HAVE_DLFCN_H 1
| #define LT_OBJDIR ".libs/"
| /* end confdefs.h.  */
| #include <ac_nonexistent.h>
configure:15565: checking for ld used by g++
configure:15632: result: /usr/bin/ld -m elf_x86_64
configure:15639: checking if the linker (/usr/bin/ld -m elf_x86_64) is GNU ld
configure:15654: result: yes
configure:15709: checking whether the g++ linker (/usr/bin/ld -m elf_x86_64) supports shared libraries
configure:16782: result: yes
configure:16818: g++ -c  -g -std=c++11 -DNDEBUG  conftest.cpp >&5
configure:16821: $? = 0
configure:17302: checking for g++ option to produce PIC
configure:17309: result: -fPIC -DPIC
configure:17317: checking if g++ PIC flag -fPIC -DPIC works
configure:17335: g++ -c  -g -std=c++11 -DNDEBUG  -fPIC -DPIC -DPIC conftest.cpp >&5
configure:17339: $? = 0
configure:17352: result: yes
configure:17375: checking if g++ static flag -static works
configure:17403: result: yes
configure:17415: checking if g++ supports -c -o file.o
configure:17436: g++ -c  -g -std=c++11 -DNDEBUG  -o out/conftest2.o conftest.cpp >&5
configure:17440: $? = 0
configure:17462: result: yes
configure:17467: checking if g++ supports -c -o file.o
configure:17514: result: yes
configure:17544: checking whether the g++ linker (/usr/bin/ld -m elf_x86_64) supports shared libraries
configure:17587: result: yes
configure:17728: checking dynamic linker characteristics
configure:18485: result: GNU/Linux ld.so
configure:18550: checking how to hardcode library paths into programs
configure:18575: result: immediate
configure:18638: checking whether the linker supports version scripts
configure:18654: g++ -o conftest  -g -std=c++11 -DNDEBUG   -Wl,--version-script=conftest.map conftest.cpp  >&5
configure:18654: $? = 0
configure:18655: result: yes
configure:18674: checking for ANSI C header files
configure:18778: result: yes
configure:18789: checking fcntl.h usability
configure:18789: g++ -c  -g -std=c++11 -DNDEBUG  conftest.cpp >&5
configure:18789: $? = 0
configure:18789: result: yes
configure:18789: checking fcntl.h presence
configure:18789: g++ -E  conftest.cpp
configure:18789: $? = 0
configure:18789: result: yes
configure:18789: checking for fcntl.h
configure:18789: result: yes
configure:18789: checking for inttypes.h
configure:18789: result: yes
configure:18789: checking limits.h usability
configure:18789: g++ -c  -g -std=c++11 -DNDEBUG  conftest.cpp >&5
configure:18789: $? = 0
configure:18789: result: yes
configure:18789: checking limits.h presence
configure:18789: g++ -E  conftest.cpp
configure:18789: $? = 0
configure:18789: result: yes
configure:18789: checking for limits.h
configure:18789: result: yes
configure:18789: checking for stdlib.h
configure:18789: result: yes
configure:18789: checking for unistd.h
configure:18789: result: yes
configure:18801: checking for working memcmp
configure:18844: g++ -o conftest  -g -std=c++11 -DNDEBUG   conftest.cpp  >&5
configure:18844: $? = 0
configure:18844: ./conftest
configure:18844: $? = 0
configure:18854: result: yes
configure:18863: checking for working strtod
configure:18904: g++ -o conftest  -g -std=c++11 -DNDEBUG   conftest.cpp  >&5
conftest.cpp: In function 'int main()':
conftest.cpp:76:20: warning: ISO C++ forbids converting a string constant to 'char*' [-Wwrite-strings]
     char *string = " +69";
                    ^
conftest.cpp:87:20: warning: ISO C++ forbids converting a string constant to 'char*' [-Wwrite-strings]
     char *string = "NaN";
                    ^
configure:18904: $? = 0
configure:18904: ./conftest
configure:18904: $? = 0
configure:18914: result: yes
configure:18979: checking for ftruncate
configure:18979: g++ -o conftest  -g -std=c++11 -DNDEBUG   conftest.cpp  >&5
configure:18979: $? = 0
configure:18979: result: yes
configure:18979: checking for memset
configure:18979: g++ -o conftest  -g -std=c++11 -DNDEBUG   conftest.cpp  >&5
configure:18979: $? = 0
configure:18979: result: yes
configure:18979: checking for mkdir
configure:18979: g++ -o conftest  -g -std=c++11 -DNDEBUG   conftest.cpp  >&5
configure:18979: $? = 0
configure:18979: result: yes
configure:18979: checking for strchr
configure:18979: g++ -o conftest  -g -std=c++11 -DNDEBUG   conftest.cpp  >&5
configure:18979: $? = 0
configure:18979: result: yes
configure:18979: checking for strerror
configure:18979: g++ -o conftest  -g -std=c++11 -DNDEBUG   conftest.cpp  >&5
configure:18979: $? = 0
configure:18979: result: yes
configure:18979: checking for strtol
configure:18979: g++ -o conftest  -g -std=c++11 -DNDEBUG   conftest.cpp  >&5
configure:18979: $? = 0
configure:18979: result: yes
configure:18993: checking zlib version
configure:19013: g++ -c  -g -std=c++11 -DNDEBUG  conftest.cpp >&5
configure:19013: $? = 0
configure:19015: result: ok (1.2.0.4 or later)
configure:19019: checking for library containing zlibVersion
configure:19050: g++ -o conftest  -g -std=c++11 -DNDEBUG   conftest.cpp  >&5
/tmp/cchT1UG3.o: In function `main':
/home/lhh/workspace/server/3rd/protobuf-3.6.0/conftest.cpp:51: undefined reference to `zlibVersion'
collect2: error: ld returned 1 exit status
configure:19050: $? = 1
configure: failed program was:
| /* confdefs.h */
| #define PACKAGE_NAME "Protocol Buffers"
| #define PACKAGE_TARNAME "protobuf"
| #define PACKAGE_VERSION "3.6.0"
| #define PACKAGE_STRING "Protocol Buffers 3.6.0"
| #define PACKAGE_BUGREPORT "protobuf@googlegroups.com"
| #define PACKAGE_URL ""
| #define PACKAGE "protobuf"
| #define VERSION "3.6.0"
| #define STDC_HEADERS 1
| #define HAVE_SYS_TYPES_H 1
| #define HAVE_SYS_STAT_H 1
| #define HAVE_STDLIB_H 1
| #define HAVE_STRING_H 1
| #define HAVE_MEMORY_H 1
| #define HAVE_STRINGS_H 1
| #define HAVE_INTTYPES_H 1
| #define HAVE_STDINT_H 1
| #define HAVE_UNISTD_H 1
| #define __EXTENSIONS__ 1
| #define _ALL_SOURCE 1
| #define _GNU_SOURCE 1
| #define _POSIX_PTHREAD_SEMANTICS 1
| #define _TANDEM_SOURCE 1
| #define HAVE_DLFCN_H 1
| #define LT_OBJDIR ".libs/"
| #define STDC_HEADERS 1
| #define HAVE_FCNTL_H 1
| #define HAVE_INTTYPES_H 1
| #define HAVE_LIMITS_H 1
| #define HAVE_STDLIB_H 1
| #define HAVE_UNISTD_H 1
| #define HAVE_FTRUNCATE 1
| #define HAVE_MEMSET 1
| #define HAVE_MKDIR 1
| #define HAVE_STRCHR 1
| #define HAVE_STRERROR 1
| #define HAVE_STRTOL 1
| /* end confdefs.h.  */
| 
| /* Override any GCC internal prototype to avoid an error.
|    Use char because int might match the return type of a GCC
|    builtin and then its argument prototype would still apply.  */
| #ifdef __cplusplus
| extern "C"
| #endif
| char zlibVersion ();
| int
| main ()
| {
| return zlibVersion ();
|   ;
|   return 0;
| }
configure:19050: g++ -o conftest  -g -std=c++11 -DNDEBUG   conftest.cpp -lz   >&5
configure:19050: $? = 0
configure:19067: result: -lz
configure:19337: checking whether gcc is Clang
configure:19362: result: no
configure:19485: checking whether pthreads work with -pthread
configure:19579: gcc -o conftest  -pthread   conftest.c  -lz  >&5
configure:19579: $? = 0
configure:19588: result: yes
configure:19607: checking for joinable pthread attribute
configure:19625: gcc -o conftest  -pthread   conftest.c  -lz  >&5
configure:19625: $? = 0
configure:19633: result: PTHREAD_CREATE_JOINABLE
configure:19647: checking whether more special flags are required for pthreads
configure:19660: result: no
configure:19668: checking for PTHREAD_PRIO_INHERIT
configure:19684: gcc -o conftest  -pthread   conftest.c  -lz  >&5
configure:19684: $? = 0
configure:19693: result: yes
configure:19805: checking the location of hash_map
configure:19831: g++ -c  -g -std=c++11 -DNDEBUG  conftest.cpp >&5
configure:19831: $? = 0
configure:19853: g++ -c  -g -std=c++11 -DNDEBUG  conftest.cpp >&5
configure:19853: $? = 0
configure:19920: result: <unordered_map>
configure:19935: checking for library containing sched_yield
configure:19966: g++ -o conftest  -g -std=c++11 -DNDEBUG   conftest.cpp -lz  >&5
configure:19966: $? = 0
configure:19983: result: none required
configure:20022: checking whether g++ supports C++11 features by default
configure:20335: g++ -c  -g -std=c++11 -DNDEBUG  conftest.cpp >&5
configure:20335: $? = 0
configure:20342: result: yes
configure:20844: checking that generated files are newer than configure
configure:20850: result: done
configure:20913: creating ./config.status

## ---------------------- ##
## Running config.status. ##
## ---------------------- ##

This file was extended by Protocol Buffers config.status 3.6.0, which was
generated by GNU Autoconf 2.69.  Invocation command line was

  CONFIG_FILES    = 
  CONFIG_HEADERS  = 
  CONFIG_LINKS    = 
  CONFIG_COMMANDS = 
  $ ./config.status 

on VM-25-156-ubuntu

config.status:1229: creating Makefile
config.status:1229: creating src/Makefile
config.status:1229: creating benchmarks/Makefile
config.status:1229: creating conformance/Makefile
config.status:1229: creating protobuf.pc
config.status:1229: creating protobuf-lite.pc
config.status:1229: creating config.h
config.status:1410: config.h is unchanged
config.status:1458: executing depfiles commands
config.status:1458: executing libtool commands
configure:23391: === configuring in third_party/googletest (/home/lhh/workspace/server/3rd/protobuf-3.6.0/third_party/googletest)
configure:23454: running /bin/bash ./configure --disable-option-checking '--prefix=/home/lhh/workspace/server/3rd/protobuf'  --cache-file=/dev/null --srcdir=.

## ---------------- ##
## Cache variables. ##
## ---------------- ##

ac_cv_build=x86_64-pc-linux-gnu
ac_cv_build_prog_CPP='gcc -E'
ac_cv_build_prog_CXXCPP='g++ -E'
ac_cv_build_prog_cc_g=yes
ac_cv_build_prog_cxx_g=yes
ac_cv_c_compiler_gnu=yes
ac_cv_cxx_compiler_gnu=yes
ac_cv_cxx_hash_map='<unordered_map>'
ac_cv_cxx_hash_map_class=unordered_map
ac_cv_cxx_hash_namespace=std
ac_cv_cxx_hash_set='<unordered_set>'
ac_cv_cxx_hash_set_class=unordered_set
ac_cv_env_CCC_set=
ac_cv_env_CCC_value=
ac_cv_env_CC_set=
ac_cv_env_CC_value=
ac_cv_env_CFLAGS_set=
ac_cv_env_CFLAGS_value=
ac_cv_env_CPPFLAGS_set=
ac_cv_env_CPPFLAGS_value=
ac_cv_env_CPP_set=
ac_cv_env_CPP_value=
ac_cv_env_CXXCPP_set=
ac_cv_env_CXXCPP_value=
ac_cv_env_CXXFLAGS_set=
ac_cv_env_CXXFLAGS_value=
ac_cv_env_CXX_set=
ac_cv_env_CXX_value=
ac_cv_env_DIST_LANG_set=
ac_cv_env_DIST_LANG_value=
ac_cv_env_LDFLAGS_set=
ac_cv_env_LDFLAGS_value=
ac_cv_env_LIBS_set=
ac_cv_env_LIBS_value=
ac_cv_env_LT_SYS_LIBRARY_PATH_set=
ac_cv_env_LT_SYS_LIBRARY_PATH_value=
ac_cv_env_OBJCFLAGS_set=
ac_cv_env_OBJCFLAGS_value=
ac_cv_env_OBJC_set=
ac_cv_env_OBJC_value=
ac_cv_env_build_alias_set=
ac_cv_env_build_alias_value=
ac_cv_env_host_alias_set=
ac_cv_env_host_alias_value=
ac_cv_env_target_alias_set=
ac_cv_env_target_alias_value=
ac_cv_func_ftruncate=yes
ac_cv_func_memcmp_working=yes
ac_cv_func_memset=yes
ac_cv_func_mkdir=yes
ac_cv_func_strchr=yes
ac_cv_func_strerror=yes
ac_cv_func_strtod=yes
ac_cv_func_strtol=yes
ac_cv_have_decl___SUNPRO_CC=no
ac_cv_header_dlfcn_h=yes
ac_cv_header_fcntl_h=yes
ac_cv_header_inttypes_h=yes
ac_cv_header_limits_h=yes
ac_cv_header_memory_h=yes
ac_cv_header_minix_config_h=no
ac_cv_header_stdc=yes
ac_cv_header_stdint_h=yes
ac_cv_header_stdlib_h=yes
ac_cv_header_string_h=yes
ac_cv_header_strings_h=yes
ac_cv_header_sys_stat_h=yes
ac_cv_header_sys_types_h=yes
ac_cv_header_unistd_h=yes
ac_cv_host=x86_64-pc-linux-gnu
ac_cv_objc_compiler_gnu=no
ac_cv_objext=o
ac_cv_path_EGREP='/bin/grep -E'
ac_cv_path_FGREP='/bin/grep -F'
ac_cv_path_GREP=/bin/grep
ac_cv_path_SED=/bin/sed
ac_cv_path_install='/usr/bin/install -c'
ac_cv_path_lt_DD=/bin/dd
ac_cv_path_mkdir=/bin/mkdir
ac_cv_prog_AWK=gawk
ac_cv_prog_CPP='gcc -E'
ac_cv_prog_CXXCPP='g++ -E'
ac_cv_prog_ac_ct_AR=ar
ac_cv_prog_ac_ct_CC=gcc
ac_cv_prog_ac_ct_CC_FOR_BUILD=gcc
ac_cv_prog_ac_ct_CXX=g++
ac_cv_prog_ac_ct_CXX_FOR_BUILD=g++
ac_cv_prog_ac_ct_MANIFEST_TOOL=mt
ac_cv_prog_ac_ct_OBJC=gcc
ac_cv_prog_ac_ct_OBJDUMP=objdump
ac_cv_prog_ac_ct_RANLIB=ranlib
ac_cv_prog_ac_ct_STRIP=strip
ac_cv_prog_cc_c89=
ac_cv_prog_cc_g=yes
ac_cv_prog_cxx_g=yes
ac_cv_prog_make_make_set=yes
ac_cv_prog_objc_g=no
ac_cv_safe_to_define___extensions__=yes
ac_cv_search_sched_yield='none required'
ac_cv_search_zlibVersion=-lz
ac_cv_target=x86_64-pc-linux-gnu
am_cv_CC_dependencies_compiler_type=gcc3
am_cv_CXX_dependencies_compiler_type=gcc3
am_cv_OBJC_dependencies_compiler_type=gcc3
am_cv_ar_interface=ar
am_cv_make_support_nested_variables=yes
am_cv_prog_cc_c_o=yes
am_cv_prog_tar_ustar=gnutar
ax_cv_PTHREAD_CLANG=no
ax_cv_PTHREAD_JOINABLE_ATTR=PTHREAD_CREATE_JOINABLE
ax_cv_PTHREAD_PRIO_INHERIT=yes
ax_cv_PTHREAD_SPECIAL_FLAGS=no
ax_cv_cxx_compile_cxx11=yes
lt_cv_ar_at_file=@
lt_cv_archive_cmds_need_lc=no
lt_cv_deplibs_check_method=pass_all
lt_cv_file_magic_cmd='$MAGIC_CMD'
lt_cv_file_magic_test_file=
lt_cv_ld_reload_flag=-r
lt_cv_nm_interface='BSD nm'
lt_cv_objdir=.libs
lt_cv_path_LD=/usr/bin/ld
lt_cv_path_LDCXX='/usr/bin/ld -m elf_x86_64'
lt_cv_path_NM='/usr/bin/nm -B'
lt_cv_path_mainfest_tool=no
lt_cv_prog_compiler_c_o=yes
lt_cv_prog_compiler_c_o_CXX=yes
lt_cv_prog_compiler_pic='-fPIC -DPIC'
lt_cv_prog_compiler_pic_CXX='-fPIC -DPIC'
lt_cv_prog_compiler_pic_works=yes
lt_cv_prog_compiler_pic_works_CXX=yes
lt_cv_prog_compiler_rtti_exceptions=no
lt_cv_prog_compiler_static_works=yes
lt_cv_prog_compiler_static_works_CXX=yes
lt_cv_prog_gnu_ld=yes
lt_cv_prog_gnu_ldcxx=yes
lt_cv_sharedlib_from_linklib_cmd='printf %s\n'
lt_cv_shlibpath_overrides_runpath=no
lt_cv_sys_global_symbol_pipe='sed -n -e '\''s/^.*[	 ]\([ABCDGIRSTW][ABCDGIRSTW]*\)[	 ][	 ]*\([_A-Za-z][_A-Za-z0-9]*\)$/\1 \2 \2/p'\'' | sed '\''/ __gnu_lto/d'\'''
lt_cv_sys_global_symbol_to_c_name_address='sed -n -e '\''s/^: \(.*\) .*$/  {"\1", (void *) 0},/p'\'' -e '\''s/^[ABCDGIRSTW][ABCDGIRSTW]* .* \(.*\)$/  {"\1", (void *) \&\1},/p'\'''
lt_cv_sys_global_symbol_to_c_name_address_lib_prefix='sed -n -e '\''s/^: \(.*\) .*$/  {"\1", (void *) 0},/p'\'' -e '\''s/^[ABCDGIRSTW][ABCDGIRSTW]* .* \(lib.*\)$/  {"\1", (void *) \&\1},/p'\'' -e '\''s/^[ABCDGIRSTW][ABCDGIRSTW]* .* \(.*\)$/  {"lib\1", (void *) \&\1},/p'\'''
lt_cv_sys_global_symbol_to_cdecl='sed -n -e '\''s/^T .* \(.*\)$/extern int \1();/p'\'' -e '\''s/^[ABCDGIRSTW][ABCDGIRSTW]* .* \(.*\)$/extern char \1;/p'\'''
lt_cv_sys_global_symbol_to_import=
lt_cv_sys_max_cmd_len=1572864
lt_cv_to_host_file_cmd=func_convert_file_noop
lt_cv_to_tool_file_cmd=func_convert_file_noop
lt_cv_truncate_bin='/bin/dd bs=4096 count=1'

## ----------------- ##
## Output variables. ##
## ----------------- ##

ACLOCAL='${SHELL} /home/lhh/workspace/server/3rd/protobuf-3.6.0/missing aclocal-1.15'
AMDEPBACKSLASH='\'
AMDEP_FALSE='#'
AMDEP_TRUE=''
AMTAR='$${TAR-tar}'
AM_BACKSLASH='\'
AM_DEFAULT_V='$(AM_DEFAULT_VERBOSITY)'
AM_DEFAULT_VERBOSITY='1'
AM_V='$(V)'
AR='ar'
AUTOCONF='${SHELL} /home/lhh/workspace/server/3rd/protobuf-3.6.0/missing autoconf'
AUTOHEADER='${SHELL} /home/lhh/workspace/server/3rd/protobuf-3.6.0/missing autoheader'
AUTOMAKE='${SHELL} /home/lhh/workspace/server/3rd/protobuf-3.6.0/missing automake-1.15'
AWK='gawk'
BUILD_EXEEXT=''
BUILD_OBJEXT=''
CC='gcc'
CCDEPMODE='depmode=gcc3'
CC_FOR_BUILD='gcc'
CFLAGS=''
CFLAGS_FOR_BUILD='-g -O2'
CPP='gcc -E'
CPPFLAGS=''
CPPFLAGS_FOR_BUILD=''
CPP_FOR_BUILD='gcc -E'
CXX='g++'
CXXCPP='g++ -E'
CXXCPPFLAGS_FOR_BUILD=''
CXXCPP_FOR_BUILD='g++ -E'
CXXDEPMODE='depmode=gcc3'
CXXFLAGS=' -g -std=c++11 -DNDEBUG'
CXXFLAGS_FOR_BUILD='-g -O2'
CXX_FOR_BUILD='g++'
CYGPATH_W='echo'
DEFS='-DHAVE_CONFIG_H'
DEPDIR='.deps'
DIST_LANG='all'
DLLTOOL='false'
DSYMUTIL=''
DUMPBIN=''
ECHO_C=''
ECHO_N='-n'
ECHO_T=''
EGREP='/bin/grep -E'
EXEEXT=''
FGREP='/bin/grep -F'
GCC_FALSE='#'
GCC_TRUE=''
GREP='/bin/grep'
HAVE_CXX11='1'
HAVE_LD_VERSION_SCRIPT_FALSE='#'
HAVE_LD_VERSION_SCRIPT_TRUE=''
HAVE_PTHREAD_FALSE='#'
HAVE_PTHREAD_TRUE=''
HAVE_ZLIB_FALSE='#'
HAVE_ZLIB_TRUE=''
INSTALL_DATA='${INSTALL} -m 644'
INSTALL_PROGRAM='${INSTALL}'
INSTALL_SCRIPT='${INSTALL}'
INSTALL_STRIP_PROGRAM='$(install_sh) -c -s'
ISAINFO=''
LD='/usr/bin/ld -m elf_x86_64'
LDFLAGS=''
LDFLAGS_FOR_BUILD=''
LIBOBJS=''
LIBS='-lz '
LIBTOOL='$(SHELL) $(top_builddir)/libtool'
LIPO=''
LN_S='ln -s'
LTLIBOBJS=''
LT_SYS_LIBRARY_PATH=''
MAINT=''
MAINTAINER_MODE_FALSE='#'
MAINTAINER_MODE_TRUE=''
MAKEINFO='${SHELL} /home/lhh/workspace/server/3rd/protobuf-3.6.0/missing makeinfo'
MANIFEST_TOOL=':'
MKDIR_P='/bin/mkdir -p'
NM='/usr/bin/nm -B'
NMEDIT=''
OBJC='gcc'
OBJCDEPMODE='depmode=gcc3'
OBJCFLAGS=''
OBJC_CONFORMANCE_TEST_FALSE=''
OBJC_CONFORMANCE_TEST_TRUE='#'
OBJDUMP='objdump'
OBJEXT='o'
OTOOL64=''
OTOOL=''
PACKAGE='protobuf'
PACKAGE_BUGREPORT='protobuf@googlegroups.com'
PACKAGE_NAME='Protocol Buffers'
PACKAGE_STRING='Protocol Buffers 3.6.0'
PACKAGE_TARNAME='protobuf'
PACKAGE_URL=''
PACKAGE_VERSION='3.6.0'
PATH_SEPARATOR=':'
POW_LIB=''
PROTOBUF_OPT_FLAG='-O2'
PROTOC=''
PTHREAD_CC='gcc'
PTHREAD_CFLAGS='-pthread'
PTHREAD_LIBS=''
RANLIB='ranlib'
SED='/bin/sed'
SET_MAKE=''
SHELL='/bin/bash'
STRIP='strip'
USE_EXTERNAL_PROTOC_FALSE=''
USE_EXTERNAL_PROTOC_TRUE='#'
VERSION='3.6.0'
ac_ct_AR='ar'
ac_ct_CC='gcc'
ac_ct_CC_FOR_BUILD='gcc'
ac_ct_CXX='g++'
ac_ct_CXX_FOR_BUILD='g++'
ac_ct_DUMPBIN=''
ac_ct_OBJC='gcc'
am__EXEEXT_FALSE=''
am__EXEEXT_TRUE='#'
am__fastdepCC_FALSE='#'
am__fastdepCC_TRUE=''
am__fastdepCXX_FALSE='#'
am__fastdepCXX_TRUE=''
am__fastdepOBJC_FALSE='#'
am__fastdepOBJC_TRUE=''
am__include='include'
am__isrc=''
am__leading_dot='.'
am__nodep='_no'
am__quote=''
am__tar='tar --format=ustar -chf - "$$tardir"'
am__untar='tar -xf -'
ax_pthread_config=''
bindir='${exec_prefix}/bin'
build='x86_64-pc-linux-gnu'
build_alias=''
build_cpu='x86_64'
build_os='linux-gnu'
build_vendor='pc'
datadir='${datarootdir}'
datarootdir='${prefix}/share'
docdir='${datarootdir}/doc/${PACKAGE_TARNAME}'
dvidir='${docdir}'
exec_prefix='${prefix}'
host='x86_64-pc-linux-gnu'
host_alias=''
host_cpu='x86_64'
host_os='linux-gnu'
host_vendor='pc'
htmldir='${docdir}'
includedir='${prefix}/include'
infodir='${datarootdir}/info'
install_sh='${SHELL} /home/lhh/workspace/server/3rd/protobuf-3.6.0/install-sh'
libdir='${exec_prefix}/lib'
libexecdir='${exec_prefix}/libexec'
localedir='${datarootdir}/locale'
localstatedir='${prefix}/var'
mandir='${datarootdir}/man'
mkdir_p='$(MKDIR_P)'
oldincludedir='/usr/include'
pdfdir='${docdir}'
prefix='/home/lhh/workspace/server/3rd/protobuf'
program_transform_name='s,x,x,'
psdir='${docdir}'
runstatedir='${localstatedir}/run'
sbindir='${exec_prefix}/sbin'
sharedstatedir='${prefix}/com'
subdirs=' third_party/googletest'
sysconfdir='${prefix}/etc'
target='x86_64-pc-linux-gnu'
target_alias=''
target_cpu='x86_64'
target_os='linux-gnu'
target_vendor='pc'

## ----------- ##
## confdefs.h. ##
## ----------- ##

/* confdefs.h */
#define PACKAGE_NAME "Protocol Buffers"
#define PACKAGE_TARNAME "protobuf"
#define PACKAGE_VERSION "3.6.0"
#define PACKAGE_STRING "Protocol Buffers 3.6.0"
#define PACKAGE_BUGREPORT "protobuf@googlegroups.com"
#define PACKAGE_URL ""
#define PACKAGE "protobuf"
#define VERSION "3.6.0"
#define STDC_HEADERS 1
#define HAVE_SYS_TYPES_H 1
#define HAVE_SYS_STAT_H 1
#define HAVE_STDLIB_H 1
#define HAVE_STRING_H 1
#define HAVE_MEMORY_H 1
#define HAVE_STRINGS_H 1
#define HAVE_INTTYPES_H 1
#define HAVE_STDINT_H 1
#define HAVE_UNISTD_H 1
#define __EXTENSIONS__ 1
#define _ALL_SOURCE 1
#define _GNU_SOURCE 1
#define _POSIX_PTHREAD_SEMANTICS 1
#define _TANDEM_SOURCE 1
#define HAVE_DLFCN_H 1
#define LT_OBJDIR ".libs/"
#define STDC_HEADERS 1
#define HAVE_FCNTL_H 1
#define HAVE_INTTYPES_H 1
#define HAVE_LIMITS_H 1
#define HAVE_STDLIB_H 1
#define HAVE_UNISTD_H 1
#define HAVE_FTRUNCATE 1
#define HAVE_MEMSET 1
#define HAVE_MKDIR 1
#define HAVE_STRCHR 1
#define HAVE_STRERROR 1
#define HAVE_STRTOL 1
#define HAVE_ZLIB 1
#define HAVE_PTHREAD_PRIO_INHERIT 1
#define HAVE_PTHREAD 1
#define HAVE_HASH_MAP 1
#define HAVE_HASH_SET 1
#define HASH_MAP_H <unordered_map>
#define HASH_SET_H <unordered_set>
#define HASH_NAMESPACE std
#define HASH_MAP_CLASS unordered_map
#define HASH_SET_CLASS unordered_set
#define HAVE_CXX11 1

configure: exit 0
