Determining if the pthread_create exist failed with the following output:
Change Dir: /home/lhh/workspace/engine/3rd/msgpack-3.1.1/CMakeFiles/CMakeTmp

Run Build Command:"/usr/bin/make" "cmTC_54cba/fast"
/usr/bin/make -f CMakeFiles/cmTC_54cba.dir/build.make CMakeFiles/cmTC_54cba.dir/build
make[1]: Entering directory '/home/lhh/workspace/engine/3rd/msgpack-3.1.1/CMakeFiles/CMakeTmp'
Building C object CMakeFiles/cmTC_54cba.dir/CheckSymbolExists.c.o
/usr/bin/cc     -o CMakeFiles/cmTC_54cba.dir/CheckSymbolExists.c.o   -c /home/lhh/workspace/engine/3rd/msgpack-3.1.1/CMakeFiles/CMakeTmp/CheckSymbolExists.c
Linking C executable cmTC_54cba
/usr/bin/cmake -E cmake_link_script CMakeFiles/cmTC_54cba.dir/link.txt --verbose=1
/usr/bin/cc       CMakeFiles/cmTC_54cba.dir/CheckSymbolExists.c.o  -o cmTC_54cba -rdynamic 
CMakeFiles/cmTC_54cba.dir/CheckSymbolExists.c.o: In function `main':
CheckSymbolExists.c:(.text+0x16): undefined reference to `pthread_create'
collect2: error: ld returned 1 exit status
CMakeFiles/cmTC_54cba.dir/build.make:97: recipe for target 'cmTC_54cba' failed
make[1]: *** [cmTC_54cba] Error 1
make[1]: Leaving directory '/home/lhh/workspace/engine/3rd/msgpack-3.1.1/CMakeFiles/CMakeTmp'
Makefile:126: recipe for target 'cmTC_54cba/fast' failed
make: *** [cmTC_54cba/fast] Error 2

File /home/lhh/workspace/engine/3rd/msgpack-3.1.1/CMakeFiles/CMakeTmp/CheckSymbolExists.c:
/* */
#include <pthread.h>

int main(int argc, char** argv)
{
  (void)argv;
#ifndef pthread_create
  return ((int*)(&pthread_create))[argc];
#else
  (void)argc;
  return 0;
#endif
}

Determining if the function pthread_create exists in the pthreads failed with the following output:
Change Dir: /home/lhh/workspace/engine/3rd/msgpack-3.1.1/CMakeFiles/CMakeTmp

Run Build Command:"/usr/bin/make" "cmTC_12fd2/fast"
/usr/bin/make -f CMakeFiles/cmTC_12fd2.dir/build.make CMakeFiles/cmTC_12fd2.dir/build
make[1]: Entering directory '/home/lhh/workspace/engine/3rd/msgpack-3.1.1/CMakeFiles/CMakeTmp'
Building C object CMakeFiles/cmTC_12fd2.dir/CheckFunctionExists.c.o
/usr/bin/cc    -DCHECK_FUNCTION_EXISTS=pthread_create   -o CMakeFiles/cmTC_12fd2.dir/CheckFunctionExists.c.o   -c /usr/share/cmake-3.5/Modules/CheckFunctionExists.c
Linking C executable cmTC_12fd2
/usr/bin/cmake -E cmake_link_script CMakeFiles/cmTC_12fd2.dir/link.txt --verbose=1
/usr/bin/cc   -DCHECK_FUNCTION_EXISTS=pthread_create    CMakeFiles/cmTC_12fd2.dir/CheckFunctionExists.c.o  -o cmTC_12fd2 -rdynamic -lpthreads 
/usr/bin/ld: cannot find -lpthreads
collect2: error: ld returned 1 exit status
CMakeFiles/cmTC_12fd2.dir/build.make:97: recipe for target 'cmTC_12fd2' failed
make[1]: *** [cmTC_12fd2] Error 1
make[1]: Leaving directory '/home/lhh/workspace/engine/3rd/msgpack-3.1.1/CMakeFiles/CMakeTmp'
Makefile:126: recipe for target 'cmTC_12fd2/fast' failed
make: *** [cmTC_12fd2/fast] Error 2


Performing C++ SOURCE FILE Test MSGPACK_ENABLE_GCC_CXX_ATOMIC failed with the following output:
Change Dir: /home/lhh/workspace/engine/3rd/msgpack-3.1.1/CMakeFiles/CMakeTmp

Run Build Command:"/usr/bin/make" "cmTC_10c53/fast"
/usr/bin/make -f CMakeFiles/cmTC_10c53.dir/build.make CMakeFiles/cmTC_10c53.dir/build
make[1]: Entering directory '/home/lhh/workspace/engine/3rd/msgpack-3.1.1/CMakeFiles/CMakeTmp'
Building CXX object CMakeFiles/cmTC_10c53.dir/src.cxx.o
/usr/bin/c++     -DMSGPACK_DEFAULT_API_VERSION=3 -std=c++98  -DMSGPACK_ENABLE_GCC_CXX_ATOMIC   -o CMakeFiles/cmTC_10c53.dir/src.cxx.o -c /home/lhh/workspace/engine/3rd/msgpack-3.1.1/CMakeFiles/CMakeTmp/src.cxx
/home/lhh/workspace/engine/3rd/msgpack-3.1.1/CMakeFiles/CMakeTmp/src.cxx:2:28: fatal error: bits/atomicity.h: No such file or directory
compilation terminated.
CMakeFiles/cmTC_10c53.dir/build.make:65: recipe for target 'CMakeFiles/cmTC_10c53.dir/src.cxx.o' failed
make[1]: *** [CMakeFiles/cmTC_10c53.dir/src.cxx.o] Error 1
make[1]: Leaving directory '/home/lhh/workspace/engine/3rd/msgpack-3.1.1/CMakeFiles/CMakeTmp'
Makefile:126: recipe for target 'cmTC_10c53/fast' failed
make: *** [cmTC_10c53/fast] Error 2

Source file was:

#include <bits/atomicity.h>
int atomic_sub(int i) { return __gnu_cxx::__exchange_and_add(&i, -1) - 1; }
int atomic_add(int i) { return __gnu_cxx::__exchange_and_add(&i, 1) + 1; }
int main(int argc, char * argv[])
{
    atomic_sub(1);
    atomic_add(1);
}

